-4.708788996902031
-3.697811689236822
-1.8265470306893326
-1.7319970882657774
-0.6961653398211247
-2.3883911373573463
-1.6904359574635974
0.12044045318313507
-0.09829103713110772
1.2444790153777057
-10.14067572022513
-9.71130555759039
-6.275056653225357
-7.7065949088000725
-6.4580145271872125
-9.764681150558564
-9.846242065878082
-7.597583591348606
-3.9957282850834077
-5.024980041858012
-3.843635028554282
-2.229189611388778
-14.472590569301019
-14.421151138894963
-11.891464515547971
-10.956361302918763
-8.107468939014128
-9.499335556731756
-8.541429398929482
